build/app/intermediates/manifest_merge_blame_file/debug/manifest-merger-blame-debug-report.txt
1<?xml version="1.0" encoding="utf-8"?>
2<manifest xmlns:android="http://schemas.android.com/apk/res/android"
3    package="com.example.note_app"
4    android:versionCode="1"
5    android:versionName="1.0.0" >
6
7    <uses-sdk
8        android:minSdkVersion="21"
9        android:targetSdkVersion="33" />
10    <!--
11         The INTERNET permission is required for development. Specifically,
12         the Flutter tool needs it to communicate with the running application
13         to allow setting breakpoints, to provide hot reload, etc.
14    -->
15    <uses-permission android:name="android.permission.INTERNET" />
15-->src\main\AndroidManifest.xml:3:5-66
15-->src\main\AndroidManifest.xml:3:22-64
16    <uses-permission
16-->[:file_picker] AndroidManifest.xml:9:5-11:38
17        android:name="android.permission.READ_EXTERNAL_STORAGE"
17-->[:file_picker] AndroidManifest.xml:10:9-64
18        android:maxSdkVersion="32" />
18-->[:file_picker] AndroidManifest.xml:11:9-35
19
20    <queries>
20-->[:file_picker] AndroidManifest.xml:13:5-19:15
21        <intent>
21-->[:file_picker] AndroidManifest.xml:14:9-18:18
22            <action android:name="android.intent.action.GET_CONTENT" />
22-->[:file_picker] AndroidManifest.xml:15:13-72
22-->[:file_picker] AndroidManifest.xml:15:21-69
23
24            <data android:mimeType="*/*" />
24-->[:file_picker] AndroidManifest.xml:17:13-44
24-->[:file_picker] AndroidManifest.xml:17:19-41
25        </intent>
26        <!-- For browser content -->
27        <intent>
27-->[com.google.android.gms:play-services-ads-lite:22.5.0] AndroidManifest.xml:38:9-44:18
28            <action android:name="android.intent.action.VIEW" />
28-->[com.google.firebase:firebase-auth:22.3.0] AndroidManifest.xml:36:17-69
28-->[com.google.firebase:firebase-auth:22.3.0] AndroidManifest.xml:36:25-66
29
30            <category android:name="android.intent.category.BROWSABLE" />
30-->[com.google.firebase:firebase-auth:22.3.0] AndroidManifest.xml:39:17-78
30-->[com.google.firebase:firebase-auth:22.3.0] AndroidManifest.xml:39:27-75
31
32            <data android:scheme="https" />
32-->[:file_picker] AndroidManifest.xml:17:13-44
33        </intent> <!-- End of browser content -->
34        <!-- For CustomTabsService -->
35        <intent>
35-->[com.google.android.gms:play-services-ads-lite:22.5.0] AndroidManifest.xml:47:9-49:18
36            <action android:name="android.support.customtabs.action.CustomTabsService" />
36-->[com.google.android.gms:play-services-ads-lite:22.5.0] AndroidManifest.xml:48:13-90
36-->[com.google.android.gms:play-services-ads-lite:22.5.0] AndroidManifest.xml:48:21-87
37        </intent>
38    </queries>
39
40    <uses-permission android:name="android.permission.VIBRATE" />
40-->[:flutter_local_notifications] AndroidManifest.xml:9:5-66
40-->[:flutter_local_notifications] AndroidManifest.xml:9:22-63
41    <uses-permission android:name="android.permission.POST_NOTIFICATIONS" />
41-->[:flutter_local_notifications] AndroidManifest.xml:10:5-77
41-->[:flutter_local_notifications] AndroidManifest.xml:10:22-74
42
43    <meta-data
43-->[:social_share] AndroidManifest.xml:10:5-12:29
44        android:name="flutterEmbedding"
44-->[:social_share] AndroidManifest.xml:11:9-40
45        android:value="2" />
45-->[:social_share] AndroidManifest.xml:12:9-26
46
47    <uses-permission android:name="android.permission.ACCESS_NETWORK_STATE" />
47-->[:connectivity_plus] AndroidManifest.xml:9:5-79
47-->[:connectivity_plus] AndroidManifest.xml:9:22-76
48    <uses-permission android:name="com.google.android.gms.permission.AD_ID" />
48-->[com.unity3d.ads:unity-ads:4.9.1] AndroidManifest.xml:10:5-79
48-->[com.unity3d.ads:unity-ads:4.9.1] AndroidManifest.xml:10:22-76
49    <uses-permission android:name="android.permission.WAKE_LOCK" />
49-->[com.google.android.gms:play-services-measurement-api:21.5.0] AndroidManifest.xml:24:5-68
49-->[com.google.android.gms:play-services-measurement-api:21.5.0] AndroidManifest.xml:24:22-65
50    <uses-permission android:name="android.permission.ACCESS_ADSERVICES_ATTRIBUTION" />
50-->[com.google.android.gms:play-services-measurement-api:21.5.0] AndroidManifest.xml:26:5-88
50-->[com.google.android.gms:play-services-measurement-api:21.5.0] AndroidManifest.xml:26:22-85
51    <uses-permission android:name="android.permission.ACCESS_ADSERVICES_AD_ID" />
51-->[com.google.android.gms:play-services-measurement-api:21.5.0] AndroidManifest.xml:27:5-82
51-->[com.google.android.gms:play-services-measurement-api:21.5.0] AndroidManifest.xml:27:22-79
52    <uses-permission android:name="android.permission.ACCESS_ADSERVICES_TOPICS" />
52-->[com.google.android.gms:play-services-ads-lite:22.5.0] AndroidManifest.xml:29:5-83
52-->[com.google.android.gms:play-services-ads-lite:22.5.0] AndroidManifest.xml:29:22-80
53    <uses-permission android:name="com.google.android.finsky.permission.BIND_GET_INSTALL_REFERRER_SERVICE" />
53-->[com.google.android.gms:play-services-measurement:21.5.0] AndroidManifest.xml:26:5-110
53-->[com.google.android.gms:play-services-measurement:21.5.0] AndroidManifest.xml:26:22-107
54    <uses-permission android:name="android.permission.FOREGROUND_SERVICE" />
54-->[androidx.work:work-runtime:2.7.0] AndroidManifest.xml:28:5-77
54-->[androidx.work:work-runtime:2.7.0] AndroidManifest.xml:28:22-74
55
56    <permission
56-->[androidx.core:core:1.10.1] AndroidManifest.xml:22:5-24:47
57        android:name="com.example.note_app.DYNAMIC_RECEIVER_NOT_EXPORTED_PERMISSION"
57-->[androidx.core:core:1.10.1] AndroidManifest.xml:23:9-81
58        android:protectionLevel="signature" />
58-->[androidx.core:core:1.10.1] AndroidManifest.xml:24:9-44
59
60    <uses-permission android:name="com.example.note_app.DYNAMIC_RECEIVER_NOT_EXPORTED_PERMISSION" />
60-->[androidx.core:core:1.10.1] AndroidManifest.xml:26:5-97
60-->[androidx.core:core:1.10.1] AndroidManifest.xml:26:22-94
61
62    <application
63        android:name="android.app.Application"
64        android:appComponentFactory="androidx.core.app.CoreComponentFactory"
64-->[androidx.core:core:1.10.1] AndroidManifest.xml:28:18-86
65        android:debuggable="true"
66        android:icon="@mipmap/ic_launcher"
67        android:label="note_app" >
68        <activity
69            android:name="com.example.note_app.MainActivity"
70            android:configChanges="orientation|keyboardHidden|keyboard|screenSize|smallestScreenSize|locale|layoutDirection|fontScale|screenLayout|density|uiMode"
71            android:exported="true"
72            android:hardwareAccelerated="true"
73            android:launchMode="singleTop"
74            android:theme="@style/LaunchTheme"
75            android:windowSoftInputMode="adjustResize" >
76
77            <!--
78                 Specifies an Android theme to apply to this Activity as soon as
79                 the Android process has started. This theme is visible to the user
80                 while the Flutter UI initializes. After that, this theme continues
81                 to determine the Window background behind the Flutter UI.
82            -->
83            <meta-data
84                android:name="io.flutter.embedding.android.NormalTheme"
85                android:resource="@style/NormalTheme" />
86
87            <intent-filter>
88                <action android:name="android.intent.action.MAIN" />
89
90                <category android:name="android.intent.category.LAUNCHER" />
91            </intent-filter>
92        </activity>
93        <!--
94             Don't delete the meta-data below.
95             This is used by the Flutter tool to generate GeneratedPluginRegistrant.java
96        -->
97        <meta-data
97-->[:social_share] AndroidManifest.xml:10:5-12:29
98            android:name="flutterEmbedding"
98-->[:social_share] AndroidManifest.xml:11:9-40
99            android:value="2" />
99-->[:social_share] AndroidManifest.xml:12:9-26
100
101        <service
101-->[:firebase_database] AndroidManifest.xml:10:9-14:19
102            android:name="com.google.firebase.components.ComponentDiscoveryService"
102-->[:firebase_database] AndroidManifest.xml:10:18-89
103            android:directBootAware="true"
103-->[com.google.firebase:firebase-common:20.4.2] AndroidManifest.xml:32:13-43
104            android:exported="false" >
104-->[com.google.firebase:firebase-analytics-ktx:21.5.0] AndroidManifest.xml:10:13-37
105            <meta-data
105-->[:firebase_database] AndroidManifest.xml:11:13-13:85
106                android:name="com.google.firebase.components:io.flutter.plugins.firebase.database.FlutterFirebaseAppRegistrar"
106-->[:firebase_database] AndroidManifest.xml:12:17-127
107                android:value="com.google.firebase.components.ComponentRegistrar" />
107-->[:firebase_database] AndroidManifest.xml:13:17-82
108            <meta-data
108-->[:cloud_firestore] AndroidManifest.xml:11:13-13:85
109                android:name="com.google.firebase.components:io.flutter.plugins.firebase.firestore.FlutterFirebaseFirestoreRegistrar"
109-->[:cloud_firestore] AndroidManifest.xml:12:17-134
110                android:value="com.google.firebase.components.ComponentRegistrar" />
110-->[:cloud_firestore] AndroidManifest.xml:13:17-82
111            <meta-data
111-->[:firebase_auth] AndroidManifest.xml:11:13-13:85
112                android:name="com.google.firebase.components:io.flutter.plugins.firebase.auth.FlutterFirebaseAuthRegistrar"
112-->[:firebase_auth] AndroidManifest.xml:12:17-124
113                android:value="com.google.firebase.components.ComponentRegistrar" />
113-->[:firebase_auth] AndroidManifest.xml:13:17-82
114            <meta-data
114-->[:firebase_storage] AndroidManifest.xml:11:13-13:85
115                android:name="com.google.firebase.components:io.flutter.plugins.firebase.storage.FlutterFirebaseAppRegistrar"
115-->[:firebase_storage] AndroidManifest.xml:12:17-126
116                android:value="com.google.firebase.components.ComponentRegistrar" />
116-->[:firebase_storage] AndroidManifest.xml:13:17-82
117            <meta-data
117-->[:firebase_core] AndroidManifest.xml:11:13-13:85
118                android:name="com.google.firebase.components:io.flutter.plugins.firebase.core.FlutterFirebaseCoreRegistrar"
118-->[:firebase_core] AndroidManifest.xml:12:17-124
119                android:value="com.google.firebase.components.ComponentRegistrar" />
119-->[:firebase_core] AndroidManifest.xml:13:17-82
120            <meta-data
120-->[com.google.firebase:firebase-analytics-ktx:21.5.0] AndroidManifest.xml:11:13-13:85
121                android:name="com.google.firebase.components:com.google.firebase.analytics.ktx.FirebaseAnalyticsLegacyRegistrar"
121-->[com.google.firebase:firebase-analytics-ktx:21.5.0] AndroidManifest.xml:12:17-129
122                android:value="com.google.firebase.components.ComponentRegistrar" />
122-->[com.google.firebase:firebase-analytics-ktx:21.5.0] AndroidManifest.xml:13:17-82
123            <meta-data
123-->[com.google.firebase:firebase-database:20.3.0] AndroidManifest.xml:29:13-31:85
124                android:name="com.google.firebase.components:com.google.firebase.database.FirebaseDatabaseKtxRegistrar"
124-->[com.google.firebase:firebase-database:20.3.0] AndroidManifest.xml:30:17-120
125                android:value="com.google.firebase.components.ComponentRegistrar" />
125-->[com.google.firebase:firebase-database:20.3.0] AndroidManifest.xml:31:17-82
126            <meta-data
126-->[com.google.firebase:firebase-database:20.3.0] AndroidManifest.xml:32:13-34:85
127                android:name="com.google.firebase.components:com.google.firebase.database.DatabaseRegistrar"
127-->[com.google.firebase:firebase-database:20.3.0] AndroidManifest.xml:33:17-109
128                android:value="com.google.firebase.components.ComponentRegistrar" />
128-->[com.google.firebase:firebase-database:20.3.0] AndroidManifest.xml:34:17-82
129            <meta-data
129-->[com.google.firebase:firebase-firestore:24.9.1] AndroidManifest.xml:17:13-19:85
130                android:name="com.google.firebase.components:com.google.firebase.firestore.FirebaseFirestoreKtxRegistrar"
130-->[com.google.firebase:firebase-firestore:24.9.1] AndroidManifest.xml:18:17-122
131                android:value="com.google.firebase.components.ComponentRegistrar" />
131-->[com.google.firebase:firebase-firestore:24.9.1] AndroidManifest.xml:19:17-82
132            <meta-data
132-->[com.google.firebase:firebase-firestore:24.9.1] AndroidManifest.xml:20:13-22:85
133                android:name="com.google.firebase.components:com.google.firebase.firestore.FirestoreRegistrar"
133-->[com.google.firebase:firebase-firestore:24.9.1] AndroidManifest.xml:21:17-111
134                android:value="com.google.firebase.components.ComponentRegistrar" />
134-->[com.google.firebase:firebase-firestore:24.9.1] AndroidManifest.xml:22:17-82
135            <meta-data
135-->[com.google.firebase:firebase-auth:22.3.0] AndroidManifest.xml:69:13-71:85
136                android:name="com.google.firebase.components:com.google.firebase.auth.FirebaseAuthRegistrar"
136-->[com.google.firebase:firebase-auth:22.3.0] AndroidManifest.xml:70:17-109
137                android:value="com.google.firebase.components.ComponentRegistrar" />
137-->[com.google.firebase:firebase-auth:22.3.0] AndroidManifest.xml:71:17-82
138            <meta-data
138-->[com.google.firebase:firebase-storage:20.3.0] AndroidManifest.xml:30:13-32:85
139                android:name="com.google.firebase.components:com.google.firebase.storage.FirebaseStorageKtxRegistrar"
139-->[com.google.firebase:firebase-storage:20.3.0] AndroidManifest.xml:31:17-118
140                android:value="com.google.firebase.components.ComponentRegistrar" />
140-->[com.google.firebase:firebase-storage:20.3.0] AndroidManifest.xml:32:17-82
141            <meta-data
141-->[com.google.firebase:firebase-storage:20.3.0] AndroidManifest.xml:33:13-35:85
142                android:name="com.google.firebase.components:com.google.firebase.storage.StorageRegistrar"
142-->[com.google.firebase:firebase-storage:20.3.0] AndroidManifest.xml:34:17-107
143                android:value="com.google.firebase.components.ComponentRegistrar" />
143-->[com.google.firebase:firebase-storage:20.3.0] AndroidManifest.xml:35:17-82
144            <meta-data
144-->[com.google.firebase:firebase-appcheck:17.1.1] AndroidManifest.xml:25:13-27:85
145                android:name="com.google.firebase.components:com.google.firebase.appcheck.FirebaseAppCheckKtxRegistrar"
145-->[com.google.firebase:firebase-appcheck:17.1.1] AndroidManifest.xml:26:17-120
146                android:value="com.google.firebase.components.ComponentRegistrar" />
146-->[com.google.firebase:firebase-appcheck:17.1.1] AndroidManifest.xml:27:17-82
147            <meta-data
147-->[com.google.firebase:firebase-appcheck:17.1.1] AndroidManifest.xml:28:13-30:85
148                android:name="com.google.firebase.components:com.google.firebase.appcheck.FirebaseAppCheckRegistrar"
148-->[com.google.firebase:firebase-appcheck:17.1.1] AndroidManifest.xml:29:17-117
149                android:value="com.google.firebase.components.ComponentRegistrar" />
149-->[com.google.firebase:firebase-appcheck:17.1.1] AndroidManifest.xml:30:17-82
150            <meta-data
150-->[com.google.android.gms:play-services-measurement-api:21.5.0] AndroidManifest.xml:37:13-39:85
151                android:name="com.google.firebase.components:com.google.firebase.analytics.connector.internal.AnalyticsConnectorRegistrar"
151-->[com.google.android.gms:play-services-measurement-api:21.5.0] AndroidManifest.xml:38:17-139
152                android:value="com.google.firebase.components.ComponentRegistrar" />
152-->[com.google.android.gms:play-services-measurement-api:21.5.0] AndroidManifest.xml:39:17-82
153            <meta-data
153-->[com.google.firebase:firebase-installations:17.2.0] AndroidManifest.xml:15:13-17:85
154                android:name="com.google.firebase.components:com.google.firebase.installations.FirebaseInstallationsKtxRegistrar"
154-->[com.google.firebase:firebase-installations:17.2.0] AndroidManifest.xml:16:17-130
155                android:value="com.google.firebase.components.ComponentRegistrar" />
155-->[com.google.firebase:firebase-installations:17.2.0] AndroidManifest.xml:17:17-82
156            <meta-data
156-->[com.google.firebase:firebase-installations:17.2.0] AndroidManifest.xml:18:13-20:85
157                android:name="com.google.firebase.components:com.google.firebase.installations.FirebaseInstallationsRegistrar"
157-->[com.google.firebase:firebase-installations:17.2.0] AndroidManifest.xml:19:17-127
158                android:value="com.google.firebase.components.ComponentRegistrar" />
158-->[com.google.firebase:firebase-installations:17.2.0] AndroidManifest.xml:20:17-82
159            <meta-data
159-->[com.google.firebase:firebase-common-ktx:20.4.2] AndroidManifest.xml:12:13-14:85
160                android:name="com.google.firebase.components:com.google.firebase.ktx.FirebaseCommonLegacyRegistrar"
160-->[com.google.firebase:firebase-common-ktx:20.4.2] AndroidManifest.xml:13:17-116
161                android:value="com.google.firebase.components.ComponentRegistrar" />
161-->[com.google.firebase:firebase-common-ktx:20.4.2] AndroidManifest.xml:14:17-82
162            <meta-data
162-->[com.google.firebase:firebase-common:20.4.2] AndroidManifest.xml:35:13-37:85
163                android:name="com.google.firebase.components:com.google.firebase.FirebaseCommonKtxRegistrar"
163-->[com.google.firebase:firebase-common:20.4.2] AndroidManifest.xml:36:17-109
164                android:value="com.google.firebase.components.ComponentRegistrar" />
164-->[com.google.firebase:firebase-common:20.4.2] AndroidManifest.xml:37:17-82
165        </service>
166
167        <provider
167-->[:image_picker_android] AndroidManifest.xml:10:9-18:20
168            android:name="io.flutter.plugins.imagepicker.ImagePickerFileProvider"
168-->[:image_picker_android] AndroidManifest.xml:11:13-82
169            android:authorities="com.example.note_app.flutter.image_provider"
169-->[:image_picker_android] AndroidManifest.xml:12:13-74
170            android:exported="false"
170-->[:image_picker_android] AndroidManifest.xml:13:13-37
171            android:grantUriPermissions="true" >
171-->[:image_picker_android] AndroidManifest.xml:14:13-47
172            <meta-data
172-->[:image_picker_android] AndroidManifest.xml:15:13-17:75
173                android:name="android.support.FILE_PROVIDER_PATHS"
173-->[:image_picker_android] AndroidManifest.xml:16:17-67
174                android:resource="@xml/flutter_image_picker_file_paths" />
174-->[:image_picker_android] AndroidManifest.xml:17:17-72
175        </provider>
176
177        <activity
177-->[:url_launcher_android] AndroidManifest.xml:10:9-13:74
178            android:name="io.flutter.plugins.urllauncher.WebViewActivity"
178-->[:url_launcher_android] AndroidManifest.xml:11:13-74
179            android:exported="false"
179-->[:url_launcher_android] AndroidManifest.xml:12:13-37
180            android:theme="@android:style/Theme.NoTitleBar.Fullscreen" />
180-->[:url_launcher_android] AndroidManifest.xml:13:13-71
181
182        <meta-data
182-->[:google_mobile_ads] AndroidManifest.xml:12:9-14:36
183            android:name="io.flutter.embedded_views_preview"
183-->[:google_mobile_ads] AndroidManifest.xml:13:13-61
184            android:value="true" />
184-->[:google_mobile_ads] AndroidManifest.xml:14:13-33
185
186        <activity
186-->[com.unity3d.ads:unity-ads:4.9.1] AndroidManifest.xml:13:9-18:74
187            android:name="com.unity3d.services.ads.adunit.AdUnitActivity"
187-->[com.unity3d.ads:unity-ads:4.9.1] AndroidManifest.xml:14:13-74
188            android:configChanges="fontScale|keyboard|keyboardHidden|locale|mnc|mcc|navigation|orientation|screenLayout|screenSize|smallestScreenSize|uiMode|touchscreen"
188-->[com.unity3d.ads:unity-ads:4.9.1] AndroidManifest.xml:15:13-170
189            android:exported="false"
189-->[com.unity3d.ads:unity-ads:4.9.1] AndroidManifest.xml:16:13-37
190            android:hardwareAccelerated="true"
190-->[com.unity3d.ads:unity-ads:4.9.1] AndroidManifest.xml:17:13-47
191            android:theme="@android:style/Theme.NoTitleBar.Fullscreen" />
191-->[com.unity3d.ads:unity-ads:4.9.1] AndroidManifest.xml:18:13-71
192        <activity
192-->[com.unity3d.ads:unity-ads:4.9.1] AndroidManifest.xml:19:9-24:86
193            android:name="com.unity3d.services.ads.adunit.AdUnitTransparentActivity"
193-->[com.unity3d.ads:unity-ads:4.9.1] AndroidManifest.xml:20:13-85
194            android:configChanges="fontScale|keyboard|keyboardHidden|locale|mnc|mcc|navigation|orientation|screenLayout|screenSize|smallestScreenSize|uiMode|touchscreen"
194-->[com.unity3d.ads:unity-ads:4.9.1] AndroidManifest.xml:21:13-170
195            android:exported="false"
195-->[com.unity3d.ads:unity-ads:4.9.1] AndroidManifest.xml:22:13-37
196            android:hardwareAccelerated="true"
196-->[com.unity3d.ads:unity-ads:4.9.1] AndroidManifest.xml:23:13-47
197            android:theme="@android:style/Theme.Translucent.NoTitleBar.Fullscreen" />
197-->[com.unity3d.ads:unity-ads:4.9.1] AndroidManifest.xml:24:13-83
198        <activity
198-->[com.unity3d.ads:unity-ads:4.9.1] AndroidManifest.xml:25:9-30:86
199            android:name="com.unity3d.services.ads.adunit.AdUnitTransparentSoftwareActivity"
199-->[com.unity3d.ads:unity-ads:4.9.1] AndroidManifest.xml:26:13-93
200            android:configChanges="fontScale|keyboard|keyboardHidden|locale|mnc|mcc|navigation|orientation|screenLayout|screenSize|smallestScreenSize|uiMode|touchscreen"
200-->[com.unity3d.ads:unity-ads:4.9.1] AndroidManifest.xml:27:13-170
201            android:exported="false"
201-->[com.unity3d.ads:unity-ads:4.9.1] AndroidManifest.xml:28:13-37
202            android:hardwareAccelerated="false"
202-->[com.unity3d.ads:unity-ads:4.9.1] AndroidManifest.xml:29:13-48
203            android:theme="@android:style/Theme.Translucent.NoTitleBar.Fullscreen" />
203-->[com.unity3d.ads:unity-ads:4.9.1] AndroidManifest.xml:30:13-83
204        <activity
204-->[com.unity3d.ads:unity-ads:4.9.1] AndroidManifest.xml:31:9-36:74
205            android:name="com.unity3d.services.ads.adunit.AdUnitSoftwareActivity"
205-->[com.unity3d.ads:unity-ads:4.9.1] AndroidManifest.xml:32:13-82
206            android:configChanges="fontScale|keyboard|keyboardHidden|locale|mnc|mcc|navigation|orientation|screenLayout|screenSize|smallestScreenSize|uiMode|touchscreen"
206-->[com.unity3d.ads:unity-ads:4.9.1] AndroidManifest.xml:33:13-170
207            android:exported="false"
207-->[com.unity3d.ads:unity-ads:4.9.1] AndroidManifest.xml:34:13-37
208            android:hardwareAccelerated="false"
208-->[com.unity3d.ads:unity-ads:4.9.1] AndroidManifest.xml:35:13-48
209            android:theme="@android:style/Theme.NoTitleBar.Fullscreen" />
209-->[com.unity3d.ads:unity-ads:4.9.1] AndroidManifest.xml:36:13-71
210
211        <provider
211-->[com.unity3d.ads:unity-ads:4.9.1] AndroidManifest.xml:38:9-52:20
212            android:name="androidx.startup.InitializationProvider"
212-->[com.unity3d.ads:unity-ads:4.9.1] AndroidManifest.xml:39:13-67
213            android:authorities="com.example.note_app.androidx-startup"
213-->[com.unity3d.ads:unity-ads:4.9.1] AndroidManifest.xml:40:13-68
214            android:exported="false" >
214-->[androidx.work:work-runtime:2.7.0] AndroidManifest.xml:34:13-37
215            <meta-data
215-->[com.unity3d.ads:unity-ads:4.9.1] AndroidManifest.xml:42:13-44:52
216                android:name="androidx.lifecycle.ProcessLifecycleInitializer"
216-->[com.unity3d.ads:unity-ads:4.9.1] AndroidManifest.xml:43:17-78
217                android:value="androidx.startup" />
217-->[com.unity3d.ads:unity-ads:4.9.1] AndroidManifest.xml:44:17-49
218            <meta-data
218-->[com.unity3d.ads:unity-ads:4.9.1] AndroidManifest.xml:45:13-47:52
219                android:name="com.unity3d.services.core.configuration.AdsSdkInitializer"
219-->[com.unity3d.ads:unity-ads:4.9.1] AndroidManifest.xml:46:17-89
220                android:value="androidx.startup" />
220-->[com.unity3d.ads:unity-ads:4.9.1] AndroidManifest.xml:47:17-49
221            <meta-data
221-->[androidx.work:work-runtime:2.7.0] AndroidManifest.xml:36:13-38:52
222                android:name="androidx.work.WorkManagerInitializer"
222-->[androidx.work:work-runtime:2.7.0] AndroidManifest.xml:37:17-68
223                android:value="androidx.startup" />
223-->[androidx.work:work-runtime:2.7.0] AndroidManifest.xml:38:17-49
224            <meta-data
224-->[androidx.profileinstaller:profileinstaller:1.3.0] AndroidManifest.xml:29:13-31:52
225                android:name="androidx.profileinstaller.ProfileInstallerInitializer"
225-->[androidx.profileinstaller:profileinstaller:1.3.0] AndroidManifest.xml:30:17-85
226                android:value="androidx.startup" />
226-->[androidx.profileinstaller:profileinstaller:1.3.0] AndroidManifest.xml:31:17-49
227        </provider>
228
229        <activity
229-->[com.google.firebase:firebase-auth:22.3.0] AndroidManifest.xml:29:9-46:20
230            android:name="com.google.firebase.auth.internal.GenericIdpActivity"
230-->[com.google.firebase:firebase-auth:22.3.0] AndroidManifest.xml:30:13-80
231            android:excludeFromRecents="true"
231-->[com.google.firebase:firebase-auth:22.3.0] AndroidManifest.xml:31:13-46
232            android:exported="true"
232-->[com.google.firebase:firebase-auth:22.3.0] AndroidManifest.xml:32:13-36
233            android:launchMode="singleTask"
233-->[com.google.firebase:firebase-auth:22.3.0] AndroidManifest.xml:33:13-44
234            android:theme="@android:style/Theme.Translucent.NoTitleBar" >
234-->[com.google.firebase:firebase-auth:22.3.0] AndroidManifest.xml:34:13-72
235            <intent-filter>
235-->[com.google.firebase:firebase-auth:22.3.0] AndroidManifest.xml:35:13-45:29
236                <action android:name="android.intent.action.VIEW" />
236-->[com.google.firebase:firebase-auth:22.3.0] AndroidManifest.xml:36:17-69
236-->[com.google.firebase:firebase-auth:22.3.0] AndroidManifest.xml:36:25-66
237
238                <category android:name="android.intent.category.DEFAULT" />
238-->[com.google.firebase:firebase-auth:22.3.0] AndroidManifest.xml:38:17-76
238-->[com.google.firebase:firebase-auth:22.3.0] AndroidManifest.xml:38:27-73
239                <category android:name="android.intent.category.BROWSABLE" />
239-->[com.google.firebase:firebase-auth:22.3.0] AndroidManifest.xml:39:17-78
239-->[com.google.firebase:firebase-auth:22.3.0] AndroidManifest.xml:39:27-75
240
241                <data
241-->[:file_picker] AndroidManifest.xml:17:13-44
242                    android:host="firebase.auth"
243                    android:path="/"
244                    android:scheme="genericidp" />
245            </intent-filter>
246        </activity>
247        <activity
247-->[com.google.firebase:firebase-auth:22.3.0] AndroidManifest.xml:47:9-64:20
248            android:name="com.google.firebase.auth.internal.RecaptchaActivity"
248-->[com.google.firebase:firebase-auth:22.3.0] AndroidManifest.xml:48:13-79
249            android:excludeFromRecents="true"
249-->[com.google.firebase:firebase-auth:22.3.0] AndroidManifest.xml:49:13-46
250            android:exported="true"
250-->[com.google.firebase:firebase-auth:22.3.0] AndroidManifest.xml:50:13-36
251            android:launchMode="singleTask"
251-->[com.google.firebase:firebase-auth:22.3.0] AndroidManifest.xml:51:13-44
252            android:theme="@android:style/Theme.Translucent.NoTitleBar" >
252-->[com.google.firebase:firebase-auth:22.3.0] AndroidManifest.xml:52:13-72
253            <intent-filter>
253-->[com.google.firebase:firebase-auth:22.3.0] AndroidManifest.xml:53:13-63:29
254                <action android:name="android.intent.action.VIEW" />
254-->[com.google.firebase:firebase-auth:22.3.0] AndroidManifest.xml:36:17-69
254-->[com.google.firebase:firebase-auth:22.3.0] AndroidManifest.xml:36:25-66
255
256                <category android:name="android.intent.category.DEFAULT" />
256-->[com.google.firebase:firebase-auth:22.3.0] AndroidManifest.xml:38:17-76
256-->[com.google.firebase:firebase-auth:22.3.0] AndroidManifest.xml:38:27-73
257                <category android:name="android.intent.category.BROWSABLE" />
257-->[com.google.firebase:firebase-auth:22.3.0] AndroidManifest.xml:39:17-78
257-->[com.google.firebase:firebase-auth:22.3.0] AndroidManifest.xml:39:27-75
258
259                <data
259-->[:file_picker] AndroidManifest.xml:17:13-44
260                    android:host="firebase.auth"
261                    android:path="/"
262                    android:scheme="recaptcha" />
263            </intent-filter>
264        </activity>
265
266        <property
266-->[com.google.android.gms:play-services-measurement-api:21.5.0] AndroidManifest.xml:30:9-32:61
267            android:name="android.adservices.AD_SERVICES_CONFIG"
267-->[com.google.android.gms:play-services-measurement-api:21.5.0] AndroidManifest.xml:31:13-65
268            android:resource="@xml/ga_ad_services_config" />
268-->[com.google.android.gms:play-services-measurement-api:21.5.0] AndroidManifest.xml:32:13-58
269
270        <provider
270-->[com.google.firebase:firebase-common:20.4.2] AndroidManifest.xml:23:9-28:39
271            android:name="com.google.firebase.provider.FirebaseInitProvider"
271-->[com.google.firebase:firebase-common:20.4.2] AndroidManifest.xml:24:13-77
272            android:authorities="com.example.note_app.firebaseinitprovider"
272-->[com.google.firebase:firebase-common:20.4.2] AndroidManifest.xml:25:13-72
273            android:directBootAware="true"
273-->[com.google.firebase:firebase-common:20.4.2] AndroidManifest.xml:26:13-43
274            android:exported="false"
274-->[com.google.firebase:firebase-common:20.4.2] AndroidManifest.xml:27:13-37